<?xml version="1.0" encoding="UTF-8"?>
<testng-results skipped="0" failed="1" ignored="0" total="5" passed="4">
  <reporter-output>
  </reporter-output>
  <suite name="Suite" duration-ms="14539" started-at="2021-03-04T19:07:36Z" finished-at="2021-03-04T19:07:51Z">
    <groups>
    </groups>
    <test name="challengingDomTest" duration-ms="11858" started-at="2021-03-04T19:07:36Z" finished-at="2021-03-04T19:07:48Z">
      <class name="BFramework.challengingDomTest">
        <test-method status="PASS" signature="initialDriver()[pri:0, instance:BFramework.challengingDomTest@6f53b8a]" name="initialDriver" is-config="true" duration-ms="8887" started-at="2021-03-04T19:07:36Z" finished-at="2021-03-04T19:07:45Z">
          <reporter-output>
          </reporter-output>
        </test-method> <!-- initialDriver -->
        <test-method status="FAIL" signature="blueButton()[pri:0, instance:BFramework.challengingDomTest@6f53b8a]" name="blueButton" duration-ms="1137" started-at="2021-03-04T19:07:45Z" finished-at="2021-03-04T19:07:46Z">
          <exception class="java.lang.AssertionError">
            <message>
              <![CDATA[expected [true] but found [false]]]>
            </message>
            <full-stacktrace>
              <![CDATA[java.lang.AssertionError: expected [true] but found [false]
at org.testng.Assert.fail(Assert.java:96)
at org.testng.Assert.failNotEquals(Assert.java:776)
at org.testng.Assert.assertTrue(Assert.java:44)
at org.testng.Assert.assertTrue(Assert.java:54)
at BFramework.challengingDomTest.blueButton(challengingDomTest.java:39)
at sun.reflect.NativeMethodAccessorImpl.invoke0(Native Method)
at sun.reflect.NativeMethodAccessorImpl.invoke(NativeMethodAccessorImpl.java:62)
at sun.reflect.DelegatingMethodAccessorImpl.invoke(DelegatingMethodAccessorImpl.java:43)
at java.lang.reflect.Method.invoke(Method.java:498)
at org.testng.internal.MethodInvocationHelper.invokeMethod(MethodInvocationHelper.java:124)
at org.testng.internal.Invoker.invokeMethod(Invoker.java:583)
at org.testng.internal.Invoker.invokeTestMethod(Invoker.java:719)
at org.testng.internal.Invoker.invokeTestMethods(Invoker.java:989)
at org.testng.internal.TestMethodWorker.invokeTestMethods(TestMethodWorker.java:125)
at org.testng.internal.TestMethodWorker.run(TestMethodWorker.java:109)
at org.testng.TestRunner.privateRun(TestRunner.java:648)
at org.testng.TestRunner.run(TestRunner.java:505)
at org.testng.SuiteRunner.runTest(SuiteRunner.java:455)
at org.testng.SuiteRunner.access$000(SuiteRunner.java:40)
at org.testng.SuiteRunner$SuiteWorker.run(SuiteRunner.java:489)
at org.testng.internal.thread.ThreadUtil$1.call(ThreadUtil.java:52)
at java.util.concurrent.FutureTask.run(FutureTask.java:266)
at java.util.concurrent.ThreadPoolExecutor.runWorker(ThreadPoolExecutor.java:1149)
at java.util.concurrent.ThreadPoolExecutor$Worker.run(ThreadPoolExecutor.java:624)
at java.lang.Thread.run(Thread.java:748)
]]>
            </full-stacktrace>
          </exception> <!-- java.lang.AssertionError -->
          <reporter-output>
          </reporter-output>
        </test-method> <!-- blueButton -->
        <test-method status="PASS" signature="closeDriver()[pri:0, instance:BFramework.challengingDomTest@6f53b8a]" name="closeDriver" is-config="true" duration-ms="1282" started-at="2021-03-04T19:07:47Z" finished-at="2021-03-04T19:07:48Z">
          <reporter-output>
          </reporter-output>
        </test-method> <!-- closeDriver -->
      </class> <!-- BFramework.challengingDomTest -->
    </test> <!-- challengingDomTest -->
    <test name="mainPageTest" duration-ms="12116" started-at="2021-03-04T19:07:36Z" finished-at="2021-03-04T19:07:48Z">
      <class name="BFramework.mainPageTest">
        <test-method status="PASS" signature="initialDriver()[pri:0, instance:BFramework.mainPageTest@43df23d3]" name="initialDriver" is-config="true" duration-ms="6300" started-at="2021-03-04T19:07:36Z" finished-at="2021-03-04T19:07:43Z">
          <reporter-output>
          </reporter-output>
        </test-method> <!-- initialDriver -->
        <test-method status="PASS" signature="basePageTitle()[pri:0, instance:BFramework.mainPageTest@43df23d3]" name="basePageTitle" duration-ms="77" started-at="2021-03-04T19:07:43Z" finished-at="2021-03-04T19:07:43Z">
          <reporter-output>
          </reporter-output>
        </test-method> <!-- basePageTitle -->
        <test-method status="PASS" signature="closeDriver()[pri:0, instance:BFramework.mainPageTest@43df23d3]" name="closeDriver" is-config="true" duration-ms="394" started-at="2021-03-04T19:07:43Z" finished-at="2021-03-04T19:07:43Z">
          <reporter-output>
          </reporter-output>
        </test-method> <!-- closeDriver -->
        <test-method status="PASS" signature="initialDriver()[pri:0, instance:BFramework.mainPageTest@43df23d3]" name="initialDriver" is-config="true" duration-ms="4683" started-at="2021-03-04T19:07:43Z" finished-at="2021-03-04T19:07:48Z">
          <reporter-output>
          </reporter-output>
        </test-method> <!-- initialDriver -->
        <test-method status="PASS" signature="basicAuthRedirect()[pri:0, instance:BFramework.mainPageTest@43df23d3]" name="basicAuthRedirect" duration-ms="121" started-at="2021-03-04T19:07:48Z" finished-at="2021-03-04T19:07:48Z">
          <reporter-output>
          </reporter-output>
        </test-method> <!-- basicAuthRedirect -->
        <test-method status="PASS" signature="closeDriver()[pri:0, instance:BFramework.mainPageTest@43df23d3]" name="closeDriver" is-config="true" duration-ms="500" started-at="2021-03-04T19:07:48Z" finished-at="2021-03-04T19:07:48Z">
          <reporter-output>
          </reporter-output>
        </test-method> <!-- closeDriver -->
      </class> <!-- BFramework.mainPageTest -->
    </test> <!-- mainPageTest -->
    <test name="loginPageTest" duration-ms="14539" started-at="2021-03-04T19:07:36Z" finished-at="2021-03-04T19:07:51Z">
      <class name="BFramework.loginPageTest">
        <test-method status="PASS" signature="initialDriver()[pri:0, instance:BFramework.loginPageTest@4bdeaabb]" name="initialDriver" is-config="true" duration-ms="6656" started-at="2021-03-04T19:07:36Z" finished-at="2021-03-04T19:07:43Z">
          <reporter-output>
          </reporter-output>
        </test-method> <!-- initialDriver -->
        <test-method status="PASS" signature="login(java.lang.String, java.lang.String, java.lang.String)[pri:0, instance:BFramework.loginPageTest@4bdeaabb]" name="login" duration-ms="2285" started-at="2021-03-04T19:07:43Z" data-provider="getNamePass" finished-at="2021-03-04T19:07:45Z">
          <params>
            <param index="0">
              <value>
                <![CDATA[WrongUsername]]>
              </value>
            </param>
            <param index="1">
              <value>
                <![CDATA[WrongPassword]]>
              </value>
            </param>
            <param index="2">
              <value>
                <![CDATA[false]]>
              </value>
            </param>
          </params>
          <reporter-output>
          </reporter-output>
        </test-method> <!-- login -->
        <test-method status="PASS" signature="closeDriver()[pri:0, instance:BFramework.loginPageTest@4bdeaabb]" name="closeDriver" is-config="true" duration-ms="605" started-at="2021-03-04T19:07:45Z" finished-at="2021-03-04T19:07:46Z">
          <reporter-output>
          </reporter-output>
        </test-method> <!-- closeDriver -->
        <test-method status="PASS" signature="initialDriver()[pri:0, instance:BFramework.loginPageTest@4bdeaabb]" name="initialDriver" is-config="true" duration-ms="3993" started-at="2021-03-04T19:07:46Z" finished-at="2021-03-04T19:07:50Z">
          <reporter-output>
          </reporter-output>
        </test-method> <!-- initialDriver -->
        <test-method status="PASS" signature="login(java.lang.String, java.lang.String, java.lang.String)[pri:0, instance:BFramework.loginPageTest@4bdeaabb]" name="login" duration-ms="876" started-at="2021-03-04T19:07:50Z" data-provider="getNamePass" finished-at="2021-03-04T19:07:51Z">
          <params>
            <param index="0">
              <value>
                <![CDATA[tomsmith]]>
              </value>
            </param>
            <param index="1">
              <value>
                <![CDATA[SuperSecretPassword!]]>
              </value>
            </param>
            <param index="2">
              <value>
                <![CDATA[true]]>
              </value>
            </param>
          </params>
          <reporter-output>
          </reporter-output>
        </test-method> <!-- login -->
        <test-method status="PASS" signature="closeDriver()[pri:0, instance:BFramework.loginPageTest@4bdeaabb]" name="closeDriver" is-config="true" duration-ms="105" started-at="2021-03-04T19:07:51Z" finished-at="2021-03-04T19:07:51Z">
          <reporter-output>
          </reporter-output>
        </test-method> <!-- closeDriver -->
      </class> <!-- BFramework.loginPageTest -->
    </test> <!-- loginPageTest -->
  </suite> <!-- Suite -->
</testng-results>
